Log at : 2021/8/26|11:01:38|GMT+0800

Log at : 2021/8/26|11:01:44|GMT+0800

Log at : 2021/8/26|13:00:29|GMT+0800

Log at : 2021/8/26|13:00:36|GMT+0800

Log at : 2021/8/26|21:09:01|GMT+0800

Log at : 2021/8/27|13:28:57|GMT+0800

Log at : 2021/8/27|13:29:03|GMT+0800

Log at : 2021/8/27|21:18:47|GMT+0800

Log at : 2021/8/27|21:18:55|GMT+0800

Log at : 2021/8/29|16:38:40|GMT+0800

[SyntaxError: Unexpected token < in JSON at position 192
	at JSON.parse (<anonymous>)
	at I.updateCppProperties (c:\Users\LCP\.vscode\extensions\cl.keil-assistant-1.6.2\dist\extension.js:1:9921)
	at I.<anonymous> (c:\Users\LCP\.vscode\extensions\cl.keil-assistant-1.6.2\dist\extension.js:1:11492)
	at Generator.next (<anonymous>)
	at c:\Users\LCP\.vscode\extensions\cl.keil-assistant-1.6.2\dist\extension.js:1:4542
	at new Promise (<anonymous>)
	at r (c:\Users\LCP\.vscode\extensions\cl.keil-assistant-1.6.2\dist\extension.js:1:4287)
	at I.load (c:\Users\LCP\.vscode\extensions\cl.keil-assistant-1.6.2\dist\extension.js:1:10382)
	at x.<anonymous> (c:\Users\LCP\.vscode\extensions\cl.keil-assistant-1.6.2\dist\extension.js:1:8182)
	at Generator.next (<anonymous>)
	at a (c:\Users\LCP\.vscode\extensions\cl.keil-assistant-1.6.2\dist\extension.js:1:4344)
	at processTicksAndRejections (internal/process/task_queues.js:93:5)]
Log at : 2021/8/29|16:38:46|GMT+0800

Log at : 2021/8/30|15:23:08|GMT+0800

Log at : 2021/10/15|20:19:25|GMT+0800

Log at : 2021/10/15|20:19:31|GMT+0800

Log at : 2021/10/15|21:14:09|GMT+0800

Log at : 2021/10/15|21:14:15|GMT+0800

